
> server@0.1.0 start C:\Users\atdok\Documents\cuhackit\kebab_and_tacos\server
> node dist/index.js

[dotenv@17.3.1] injecting env (0) from .env -- tip: ⚙️  load multiple .env files with { path: ['.env.local', '.env'] }
[dotenv@17.3.1] injecting env (6) from ..\.env -- tip: 🛠️  run anywhere with `dotenvx run -- yourcommand`
{"level":30,"time":1772276851115,"pid":32824,"hostname":"AhmetLaptop","msg":"Server listening at http://0.0.0.0:3001"}
{"level":30,"time":1772276870657,"pid":32824,"hostname":"AhmetLaptop","reqId":"req-1","req":{"method":"POST","url":"/v1/analyze-reel","hostname":"localhost:3001","remoteAddress":"127.0.0.1","remotePort":64807},"msg":"incoming request"}

→ POST /v1/analyze-reel  reelId=smoke-test-3  videoUrl=https://samplelib.com/lib/preview/mp4/sample-5s.mp4...

── analyzeReel: smoke-test-3 ──
   videoUrl: https://samplelib.com/lib/preview/mp4/sample-5s.mp4...
   yt-dlp downloading: https://samplelib.com/lib/preview/mp4/sample-5s.mp4
   frames extracted: 3

── VLM raw response ──
{
  "transcript": [],
  "claims": [],
  "discrepancies": []
}
──────────────────────

   transcript lines: 0
   claims: 0
   discrepancies: 0
── done ──

{"level":30,"time":1772276885910,"pid":32824,"hostname":"AhmetLaptop","reqId":"req-1","res":{"statusCode":200},"responseTime":15252.11289998889,"msg":"request completed"}
